<?xml version="1.0" encoding="UTF-8"?>
<testsuite xmlns:xsi="http://www.w3.org/2001/XMLSchema-instance" xsi:noNamespaceSchemaLocation="https://maven.apache.org/surefire/maven-surefire-plugin/xsd/surefire-test-report.xsd" name="comp3607project.JavaEvaluatorTest" time="0.015" tests="1" errors="1" skipped="0" failures="0">
  <properties>
    <property name="java.specification.version" value="23"/>
    <property name="sun.cpu.isalist" value="amd64"/>
    <property name="sun.jnu.encoding" value="Cp1252"/>
    <property name="java.class.path" value="C:\Users\Simone\Documents\Comp3607_Project\comp3607project\target\test-classes;C:\Users\Simone\Documents\Comp3607_Project\comp3607project\target\classes;C:\Users\Simone\.m2\repository\junit\junit\4.11\junit-4.11.jar;C:\Users\Simone\.m2\repository\org\hamcrest\hamcrest-core\1.3\hamcrest-core-1.3.jar;C:\Users\Simone\.m2\repository\org\apache\pdfbox\pdfbox\3.0.0\pdfbox-3.0.0.jar;C:\Users\Simone\.m2\repository\org\apache\pdfbox\pdfbox-io\3.0.0\pdfbox-io-3.0.0.jar;C:\Users\Simone\.m2\repository\org\apache\pdfbox\fontbox\3.0.0\fontbox-3.0.0.jar;C:\Users\Simone\.m2\repository\commons-logging\commons-logging\1.2\commons-logging-1.2.jar;C:\Users\Simone\.m2\repository\e-iceblue\spire.pdf\9.10.3\spire.pdf-9.10.3.jar;C:\Users\Simone\.m2\repository\commons-io\commons-io\2.17.0\commons-io-2.17.0.jar;"/>
    <property name="java.vm.vendor" value="Eclipse Adoptium"/>
    <property name="sun.arch.data.model" value="64"/>
    <property name="user.variant" value=""/>
    <property name="java.vendor.url" value="https://adoptium.net/"/>
    <property name="user.timezone" value="America/La_Paz"/>
    <property name="os.name" value="Windows 11"/>
    <property name="java.vm.specification.version" value="23"/>
    <property name="sun.java.launcher" value="SUN_STANDARD"/>
    <property name="user.country" value="US"/>
    <property name="sun.boot.library.path" value="C:\Users\Simone\AppData\Roaming\Code\User\globalStorage\pleiades.java-extension-pack-jdk\java\latest\bin"/>
    <property name="sun.java.command" value="C:\Users\Simone\AppData\Local\Temp\surefire5308889834172491933\surefirebooter15560530761204446975.jar C:\Users\Simone\AppData\Local\Temp\surefire5308889834172491933 2024-11-11T16-31-15_805-jvmRun1 surefire10513844088195286736tmp surefire_02293936202473639041tmp"/>
    <property name="jdk.debug" value="release"/>
    <property name="surefire.test.class.path" value="C:\Users\Simone\Documents\Comp3607_Project\comp3607project\target\test-classes;C:\Users\Simone\Documents\Comp3607_Project\comp3607project\target\classes;C:\Users\Simone\.m2\repository\junit\junit\4.11\junit-4.11.jar;C:\Users\Simone\.m2\repository\org\hamcrest\hamcrest-core\1.3\hamcrest-core-1.3.jar;C:\Users\Simone\.m2\repository\org\apache\pdfbox\pdfbox\3.0.0\pdfbox-3.0.0.jar;C:\Users\Simone\.m2\repository\org\apache\pdfbox\pdfbox-io\3.0.0\pdfbox-io-3.0.0.jar;C:\Users\Simone\.m2\repository\org\apache\pdfbox\fontbox\3.0.0\fontbox-3.0.0.jar;C:\Users\Simone\.m2\repository\commons-logging\commons-logging\1.2\commons-logging-1.2.jar;C:\Users\Simone\.m2\repository\e-iceblue\spire.pdf\9.10.3\spire.pdf-9.10.3.jar;C:\Users\Simone\.m2\repository\commons-io\commons-io\2.17.0\commons-io-2.17.0.jar;"/>
    <property name="sun.cpu.endian" value="little"/>
    <property name="user.home" value="C:\Users\Simone"/>
    <property name="user.language" value="en"/>
    <property name="java.specification.vendor" value="Oracle Corporation"/>
    <property name="java.version.date" value="2024-10-15"/>
    <property name="java.home" value="C:\Users\Simone\AppData\Roaming\Code\User\globalStorage\pleiades.java-extension-pack-jdk\java\latest"/>
    <property name="file.separator" value="\"/>
    <property name="basedir" value="C:\Users\Simone\Documents\Comp3607_Project\comp3607project"/>
    <property name="java.vm.compressedOopsMode" value="32-bit"/>
    <property name="line.separator" value="&#10;"/>
    <property name="java.vm.specification.vendor" value="Oracle Corporation"/>
    <property name="java.specification.name" value="Java Platform API Specification"/>
    <property name="surefire.real.class.path" value="C:\Users\Simone\AppData\Local\Temp\surefire5308889834172491933\surefirebooter15560530761204446975.jar"/>
    <property name="user.script" value=""/>
    <property name="sun.management.compiler" value="HotSpot 64-Bit Tiered Compilers"/>
    <property name="java.runtime.version" value="23.0.1+11"/>
    <property name="user.name" value="Simone"/>
    <property name="stdout.encoding" value="UTF-8"/>
    <property name="path.separator" value=";"/>
    <property name="os.version" value="10.0"/>
    <property name="java.runtime.name" value="OpenJDK Runtime Environment"/>
    <property name="file.encoding" value="UTF-8"/>
    <property name="java.vm.name" value="OpenJDK 64-Bit Server VM"/>
    <property name="java.vendor.version" value="Temurin-23.0.1+11"/>
    <property name="localRepository" value="C:\Users\Simone\.m2\repository"/>
    <property name="java.vendor.url.bug" value="https://github.com/adoptium/adoptium-support/issues"/>
    <property name="java.io.tmpdir" value="C:\Users\Simone\AppData\Local\Temp\"/>
    <property name="java.version" value="23.0.1"/>
    <property name="user.dir" value="C:\Users\Simone\Documents\Comp3607_Project\comp3607project"/>
    <property name="os.arch" value="amd64"/>
    <property name="java.vm.specification.name" value="Java Virtual Machine Specification"/>
    <property name="sun.os.patch.level" value=""/>
    <property name="native.encoding" value="Cp1252"/>
    <property name="java.library.path" value="C:\Users\Simone\AppData\Roaming\Code\User\globalStorage\pleiades.java-extension-pack-jdk\java\latest\bin;C:\WINDOWS\Sun\Java\bin;C:\WINDOWS\system32;C:\WINDOWS;C:\Users\Simone\AppData\Roaming\Code\User\globalStorage\pleiades.java-extension-pack-jdk\gradle\latest\bin;C:\Users\Simone\AppData\Roaming\Code\User\globalStorage\pleiades.java-extension-pack-jdk\maven\latest\bin;C:\Users\Simone\AppData\Roaming\Code\User\globalStorage\pleiades.java-extension-pack-jdk\java\latest\bin;C:\WINDOWS\system32;C:\WINDOWS;C:\WINDOWS\System32\Wbem;C:\WINDOWS\System32\WindowsPowerShell\v1.0\;C:\WINDOWS\System32\OpenSSH\;C:\Program Files\Git\cmd;C:\Users\Simone\AppData\Local\Microsoft\WindowsApps\C:MinGW\bin;C:\Users\Simone\AppData\Local\Programs\Microsoft VS Code\bin;C:\Users\Simone\AppData\Local\Microsoft\WindowsApps;C:\Users\Simone\AppData\Local\Programs\Python\Python39;C:\Users\Simone\AppData\Local\Programs\Python\Python39\Scripts\;;."/>
    <property name="java.vm.info" value="mixed mode, sharing"/>
    <property name="stderr.encoding" value="UTF-8"/>
    <property name="java.vendor" value="Eclipse Adoptium"/>
    <property name="java.vm.version" value="23.0.1+11"/>
    <property name="sun.io.unicode.encoding" value="UnicodeLittle"/>
    <property name="java.class.version" value="67.0"/>
  </properties>
  <testcase name="testEvaluationProcess" classname="comp3607project.JavaEvaluatorTest" time="0">
    <error message="Cannot invoke &quot;java.nio.file.Path.resolve(String)&quot; because &quot;this.studentDirectory&quot; is null" type="java.lang.NullPointerException">java.lang.NullPointerException: Cannot invoke "java.nio.file.Path.resolve(String)" because "this.studentDirectory" is null
	at comp3607project.JavaEvaluatorTest.testEvaluationProcess(JavaEvaluatorTest.java:24)
</error>
  </testcase>
</testsuite>